[debug] [2023-01-06T17:21:01.338Z] ----------------------------------------------------------------------
[debug] [2023-01-06T17:21:01.339Z] Command:       C:\Program Files\nodejs\node.exe C:\Users\User\AppData\Roaming\npm\node_modules\firebase-tools\lib\bin\firebase.js init
[debug] [2023-01-06T17:21:01.340Z] CLI Version:   11.19.0
[debug] [2023-01-06T17:21:01.340Z] Platform:      win32
[debug] [2023-01-06T17:21:01.340Z] Node Version:  v16.15.1
[debug] [2023-01-06T17:21:01.346Z] Time:          Fri Jan 06 2023 23:21:01 GMT+0600 (Bangladesh Standard Time)
[debug] [2023-01-06T17:21:01.346Z] ----------------------------------------------------------------------
[debug] 
[debug] [2023-01-06T17:21:01.349Z] >>> [apiv2][query] GET https://firebase-public.firebaseio.com/cli.json [none]
[debug] [2023-01-06T17:21:01.364Z] > command requires scopes: ["email","openid","https://www.googleapis.com/auth/cloudplatformprojects.readonly","https://www.googleapis.com/auth/firebase","https://www.googleapis.com/auth/cloud-platform"]
[debug] [2023-01-06T17:21:01.365Z] > authorizing via signed-in user (nazmulbhuyian000@gmail.com)
[info] 
     ######## #### ########  ######## ########     ###     ######  ########
     ##        ##  ##     ## ##       ##     ##  ##   ##  ##       ##
     ######    ##  ########  ######   ########  #########  ######  ######
     ##        ##  ##    ##  ##       ##     ## ##     ##       ## ##
     ##       #### ##     ## ######## ########  ##     ##  ######  ########

You're about to initialize a Firebase project in this directory:

  C:\my-projects\real-state-client

Before we get started, keep in mind:

  * You are currently outside your home directory

[debug] [2023-01-06T17:21:02.112Z] <<< [apiv2][status] GET https://firebase-public.firebaseio.com/cli.json 200
[debug] [2023-01-06T17:21:02.113Z] <<< [apiv2][body] GET https://firebase-public.firebaseio.com/cli.json {"cloudBuildErrorAfter":1594252800000,"cloudBuildWarnAfter":1590019200000,"defaultNode10After":1594252800000,"minVersion":"3.0.5","node8DeploysDisabledAfter":1613390400000,"node8RuntimeDisabledAfter":1615809600000,"node8WarnAfter":1600128000000}
